<?xml version="1.0" encoding="UTF-8"?>
<!-- Generated by org.testng.reporters.JUnitReportReporter -->
<testsuite hostname="DESKTOP-20FIH4S" failures="0" tests="13" name="TestCases" time="134.047" errors="0" timestamp="2023-09-27T23:51:30 EEST" skipped="0">
  <testcase classname="TestCases" name="CheckLanguage" time="0.100"/>
  <system-out/>
  <testcase classname="TestCases" name="CheckCurrency" time="0.120"/>
  <system-out/>
  <testcase classname="TestCases" name="CheckContactNumber" time="0.054"/>
  <system-out/>
  <testcase classname="TestCases" name="CheckQitafLogoIsThere" time="0.612"/>
  <system-out/>
  <testcase classname="TestCases" name="Hotels_Tab_Not_selected" time="0.043"/>
  <system-out/>
  <testcase classname="TestCases" name="Check_departure_date" time="0.036"/>
  <system-out/>
  <testcase classname="TestCases" name="Check_return_date" time="0.044"/>
  <system-out/>
  <testcase classname="TestCases" name="Check_Language" time="11.551"/>
  <system-out/>
  <testcase classname="TestCases" name="Search_in_hotel_tab" time="80.083"/>
  <system-out/>
  <testcase classname="TestCases" name="NumberOfvisitorsInHotel" time="1.024"/>
  <system-out/>
  <testcase classname="TestCases" name="searchOnHotle" time="0.740"/>
  <system-out/>
  <testcase classname="TestCases" name="Full_loading" time="38.132"/>
  <system-out/>
  <testcase classname="TestCases" name="Sorting_from_lowest_to_highest_price" time="1.508"/>
  <system-out/>
</testsuite> <!-- TestCases -->
